/*C3*/SET SCHEMA PUBLIC
DELETE FROM ROOM WHERE APPKEY='9a0ddf75-0ed4-4ff6-b' AND ID='296029828'
INSERT INTO ROOM VALUES('9a0ddf75-0ed4-4ff6-b','296029828',2,'BOB','{}')
COMMIT
DELETE FROM ROOM WHERE APPKEY='c52d8fe7-0e8e-4da9-a' AND ID='1866456772'
INSERT INTO ROOM VALUES('c52d8fe7-0e8e-4da9-a','1866456772',100,'ddd','{}')
COMMIT
DELETE FROM ROOM WHERE APPKEY='7838d4e7-2827-4e9c-9' AND ID='531285639'
INSERT INTO ROOM VALUES('7838d4e7-2827-4e9c-9','531285639',10,'ded','{}')
COMMIT
DELETE FROM ROOM WHERE APPKEY='9a0ddf75-0ed4-4ff6-b' AND ID='296029828'
INSERT INTO ROOM VALUES('9a0ddf75-0ed4-4ff6-b','296029828',2,'BOB','{}')
COMMIT
DELETE FROM ROOM WHERE APPKEY='c52d8fe7-0e8e-4da9-a' AND ID='1866456772'
INSERT INTO ROOM VALUES('c52d8fe7-0e8e-4da9-a','1866456772',100,'ddd','{}')
COMMIT
DELETE FROM ROOM WHERE APPKEY='7838d4e7-2827-4e9c-9' AND ID='531285639'
INSERT INTO ROOM VALUES('7838d4e7-2827-4e9c-9','531285639',10,'ded','{}')
COMMIT
DELETE FROM ROOM WHERE APPKEY='9a0ddf75-0ed4-4ff6-b' AND ID='296029828'
INSERT INTO ROOM VALUES('9a0ddf75-0ed4-4ff6-b','296029828',2,'BOB','{}')
COMMIT
DELETE FROM ROOM WHERE APPKEY='c52d8fe7-0e8e-4da9-a' AND ID='1866456772'
INSERT INTO ROOM VALUES('c52d8fe7-0e8e-4da9-a','1866456772',100,'ddd','{}')
COMMIT
DELETE FROM ROOM WHERE APPKEY='7838d4e7-2827-4e9c-9' AND ID='531285639'
INSERT INTO ROOM VALUES('7838d4e7-2827-4e9c-9','531285639',10,'ded','{}')
COMMIT
DELETE FROM ROOM WHERE APPKEY='9a0ddf75-0ed4-4ff6-b' AND ID='296029828'
INSERT INTO ROOM VALUES('9a0ddf75-0ed4-4ff6-b','296029828',2,'BOB','{}')
COMMIT
DELETE FROM ROOM WHERE APPKEY='c52d8fe7-0e8e-4da9-a' AND ID='1866456772'
INSERT INTO ROOM VALUES('c52d8fe7-0e8e-4da9-a','1866456772',100,'ddd','{}')
COMMIT
DELETE FROM ROOM WHERE APPKEY='7838d4e7-2827-4e9c-9' AND ID='531285639'
INSERT INTO ROOM VALUES('7838d4e7-2827-4e9c-9','531285639',10,'ded','{}')
COMMIT
DELETE FROM ROOM WHERE APPKEY='9a0ddf75-0ed4-4ff6-b' AND ID='296029828'
INSERT INTO ROOM VALUES('9a0ddf75-0ed4-4ff6-b','296029828',2,'BOB','{}')
COMMIT
DELETE FROM ROOM WHERE APPKEY='c52d8fe7-0e8e-4da9-a' AND ID='1866456772'
INSERT INTO ROOM VALUES('c52d8fe7-0e8e-4da9-a','1866456772',100,'ddd','{}')
COMMIT
DELETE FROM ROOM WHERE APPKEY='7838d4e7-2827-4e9c-9' AND ID='531285639'
INSERT INTO ROOM VALUES('7838d4e7-2827-4e9c-9','531285639',10,'ded','{}')
COMMIT
DELETE FROM ROOM WHERE APPKEY='9a0ddf75-0ed4-4ff6-b' AND ID='296029828'
INSERT INTO ROOM VALUES('9a0ddf75-0ed4-4ff6-b','296029828',2,'BOB','{}')
COMMIT
DELETE FROM ROOM WHERE APPKEY='c52d8fe7-0e8e-4da9-a' AND ID='1866456772'
INSERT INTO ROOM VALUES('c52d8fe7-0e8e-4da9-a','1866456772',100,'ddd','{}')
COMMIT
DELETE FROM ROOM WHERE APPKEY='7838d4e7-2827-4e9c-9' AND ID='531285639'
INSERT INTO ROOM VALUES('7838d4e7-2827-4e9c-9','531285639',10,'ded','{}')
COMMIT
DELETE FROM ROOM WHERE APPKEY='9a0ddf75-0ed4-4ff6-b' AND ID='296029828'
INSERT INTO ROOM VALUES('9a0ddf75-0ed4-4ff6-b','296029828',2,'BOB','{}')
COMMIT
DELETE FROM ROOM WHERE APPKEY='c52d8fe7-0e8e-4da9-a' AND ID='1866456772'
INSERT INTO ROOM VALUES('c52d8fe7-0e8e-4da9-a','1866456772',100,'ddd','{}')
COMMIT
DELETE FROM ROOM WHERE APPKEY='7838d4e7-2827-4e9c-9' AND ID='531285639'
INSERT INTO ROOM VALUES('7838d4e7-2827-4e9c-9','531285639',10,'ded','{}')
COMMIT
DELETE FROM ROOM WHERE APPKEY='9a0ddf75-0ed4-4ff6-b' AND ID='296029828'
INSERT INTO ROOM VALUES('9a0ddf75-0ed4-4ff6-b','296029828',2,'BOB','{}')
COMMIT
DELETE FROM ROOM WHERE APPKEY='c52d8fe7-0e8e-4da9-a' AND ID='1866456772'
INSERT INTO ROOM VALUES('c52d8fe7-0e8e-4da9-a','1866456772',100,'ddd','{}')
COMMIT
DELETE FROM ROOM WHERE APPKEY='7838d4e7-2827-4e9c-9' AND ID='531285639'
INSERT INTO ROOM VALUES('7838d4e7-2827-4e9c-9','531285639',10,'ded','{}')
COMMIT
DELETE FROM ROOM WHERE APPKEY='9a0ddf75-0ed4-4ff6-b' AND ID='296029828'
INSERT INTO ROOM VALUES('9a0ddf75-0ed4-4ff6-b','296029828',2,'BOB','{}')
COMMIT
DELETE FROM ROOM WHERE APPKEY='c52d8fe7-0e8e-4da9-a' AND ID='1866456772'
INSERT INTO ROOM VALUES('c52d8fe7-0e8e-4da9-a','1866456772',100,'ddd','{}')
COMMIT
DELETE FROM ROOM WHERE APPKEY='7838d4e7-2827-4e9c-9' AND ID='531285639'
INSERT INTO ROOM VALUES('7838d4e7-2827-4e9c-9','531285639',10,'ded','{}')
COMMIT
DELETE FROM ROOM WHERE APPKEY='9a0ddf75-0ed4-4ff6-b' AND ID='296029828'
INSERT INTO ROOM VALUES('9a0ddf75-0ed4-4ff6-b','296029828',2,'BOB','{}')
COMMIT
DELETE FROM ROOM WHERE APPKEY='c52d8fe7-0e8e-4da9-a' AND ID='1866456772'
INSERT INTO ROOM VALUES('c52d8fe7-0e8e-4da9-a','1866456772',100,'ddd','{}')
COMMIT
DELETE FROM ROOM WHERE APPKEY='7838d4e7-2827-4e9c-9' AND ID='531285639'
INSERT INTO ROOM VALUES('7838d4e7-2827-4e9c-9','531285639',10,'ded','{}')
COMMIT
DELETE FROM ROOM WHERE APPKEY='9a0ddf75-0ed4-4ff6-b' AND ID='296029828'
INSERT INTO ROOM VALUES('9a0ddf75-0ed4-4ff6-b','296029828',2,'BOB','{}')
COMMIT
DELETE FROM ROOM WHERE APPKEY='c52d8fe7-0e8e-4da9-a' AND ID='1866456772'
INSERT INTO ROOM VALUES('c52d8fe7-0e8e-4da9-a','1866456772',100,'ddd','{}')
COMMIT
DELETE FROM ROOM WHERE APPKEY='7838d4e7-2827-4e9c-9' AND ID='531285639'
INSERT INTO ROOM VALUES('7838d4e7-2827-4e9c-9','531285639',10,'ded','{}')
COMMIT
DELETE FROM ROOM WHERE APPKEY='9a0ddf75-0ed4-4ff6-b' AND ID='296029828'
INSERT INTO ROOM VALUES('9a0ddf75-0ed4-4ff6-b','296029828',2,'BOB','{}')
COMMIT
DELETE FROM ROOM WHERE APPKEY='c52d8fe7-0e8e-4da9-a' AND ID='1866456772'
INSERT INTO ROOM VALUES('c52d8fe7-0e8e-4da9-a','1866456772',100,'ddd','{}')
COMMIT
DELETE FROM ROOM WHERE APPKEY='7838d4e7-2827-4e9c-9' AND ID='531285639'
INSERT INTO ROOM VALUES('7838d4e7-2827-4e9c-9','531285639',10,'ded','{}')
COMMIT
DELETE FROM ROOM WHERE APPKEY='9a0ddf75-0ed4-4ff6-b' AND ID='296029828'
INSERT INTO ROOM VALUES('9a0ddf75-0ed4-4ff6-b','296029828',2,'BOB','{}')
COMMIT
DELETE FROM ROOM WHERE APPKEY='c52d8fe7-0e8e-4da9-a' AND ID='1866456772'
INSERT INTO ROOM VALUES('c52d8fe7-0e8e-4da9-a','1866456772',100,'ddd','{}')
COMMIT
DELETE FROM ROOM WHERE APPKEY='7838d4e7-2827-4e9c-9' AND ID='531285639'
INSERT INTO ROOM VALUES('7838d4e7-2827-4e9c-9','531285639',10,'ded','{}')
COMMIT
DELETE FROM ROOM WHERE APPKEY='9a0ddf75-0ed4-4ff6-b' AND ID='296029828'
INSERT INTO ROOM VALUES('9a0ddf75-0ed4-4ff6-b','296029828',2,'BOB','{}')
COMMIT
DELETE FROM ROOM WHERE APPKEY='c52d8fe7-0e8e-4da9-a' AND ID='1866456772'
INSERT INTO ROOM VALUES('c52d8fe7-0e8e-4da9-a','1866456772',100,'ddd','{}')
COMMIT
DELETE FROM ROOM WHERE APPKEY='7838d4e7-2827-4e9c-9' AND ID='531285639'
INSERT INTO ROOM VALUES('7838d4e7-2827-4e9c-9','531285639',10,'ded','{}')
COMMIT
DELETE FROM ROOM WHERE APPKEY='9a0ddf75-0ed4-4ff6-b' AND ID='296029828'
INSERT INTO ROOM VALUES('9a0ddf75-0ed4-4ff6-b','296029828',2,'BOB','{}')
COMMIT
DELETE FROM ROOM WHERE APPKEY='c52d8fe7-0e8e-4da9-a' AND ID='1866456772'
INSERT INTO ROOM VALUES('c52d8fe7-0e8e-4da9-a','1866456772',100,'ddd','{}')
COMMIT
DELETE FROM ROOM WHERE APPKEY='7838d4e7-2827-4e9c-9' AND ID='531285639'
INSERT INTO ROOM VALUES('7838d4e7-2827-4e9c-9','531285639',10,'ded','{}')
COMMIT
DELETE FROM ROOM WHERE APPKEY='9a0ddf75-0ed4-4ff6-b' AND ID='296029828'
INSERT INTO ROOM VALUES('9a0ddf75-0ed4-4ff6-b','296029828',2,'BOB','{}')
COMMIT
DELETE FROM ROOM WHERE APPKEY='c52d8fe7-0e8e-4da9-a' AND ID='1866456772'
INSERT INTO ROOM VALUES('c52d8fe7-0e8e-4da9-a','1866456772',100,'ddd','{}')
COMMIT
DELETE FROM ROOM WHERE APPKEY='7838d4e7-2827-4e9c-9' AND ID='531285639'
INSERT INTO ROOM VALUES('7838d4e7-2827-4e9c-9','531285639',10,'ded','{}')
COMMIT
DELETE FROM ROOM WHERE APPKEY='9a0ddf75-0ed4-4ff6-b' AND ID='296029828'
INSERT INTO ROOM VALUES('9a0ddf75-0ed4-4ff6-b','296029828',2,'BOB','{}')
COMMIT
DELETE FROM ROOM WHERE APPKEY='c52d8fe7-0e8e-4da9-a' AND ID='1866456772'
INSERT INTO ROOM VALUES('c52d8fe7-0e8e-4da9-a','1866456772',100,'ddd','{}')
COMMIT
DELETE FROM ROOM WHERE APPKEY='7838d4e7-2827-4e9c-9' AND ID='531285639'
INSERT INTO ROOM VALUES('7838d4e7-2827-4e9c-9','531285639',10,'ded','{}')
COMMIT
DELETE FROM ROOM WHERE APPKEY='9a0ddf75-0ed4-4ff6-b' AND ID='296029828'
INSERT INTO ROOM VALUES('9a0ddf75-0ed4-4ff6-b','296029828',2,'BOB','{}')
COMMIT
DELETE FROM ROOM WHERE APPKEY='c52d8fe7-0e8e-4da9-a' AND ID='1866456772'
INSERT INTO ROOM VALUES('c52d8fe7-0e8e-4da9-a','1866456772',100,'ddd','{}')
COMMIT
DELETE FROM ROOM WHERE APPKEY='7838d4e7-2827-4e9c-9' AND ID='531285639'
INSERT INTO ROOM VALUES('7838d4e7-2827-4e9c-9','531285639',10,'ded','{}')
COMMIT
DELETE FROM ROOM WHERE APPKEY='9a0ddf75-0ed4-4ff6-b' AND ID='296029828'
INSERT INTO ROOM VALUES('9a0ddf75-0ed4-4ff6-b','296029828',2,'BOB','{}')
COMMIT
DELETE FROM ROOM WHERE APPKEY='c52d8fe7-0e8e-4da9-a' AND ID='1866456772'
INSERT INTO ROOM VALUES('c52d8fe7-0e8e-4da9-a','1866456772',100,'ddd','{}')
COMMIT
DELETE FROM ROOM WHERE APPKEY='7838d4e7-2827-4e9c-9' AND ID='531285639'
INSERT INTO ROOM VALUES('7838d4e7-2827-4e9c-9','531285639',10,'ded','{}')
COMMIT
DELETE FROM ROOM WHERE APPKEY='9a0ddf75-0ed4-4ff6-b' AND ID='296029828'
INSERT INTO ROOM VALUES('9a0ddf75-0ed4-4ff6-b','296029828',2,'BOB','{}')
COMMIT
DELETE FROM ROOM WHERE APPKEY='c52d8fe7-0e8e-4da9-a' AND ID='1866456772'
INSERT INTO ROOM VALUES('c52d8fe7-0e8e-4da9-a','1866456772',100,'ddd','{}')
COMMIT
DELETE FROM ROOM WHERE APPKEY='7838d4e7-2827-4e9c-9' AND ID='531285639'
INSERT INTO ROOM VALUES('7838d4e7-2827-4e9c-9','531285639',10,'ded','{}')
COMMIT
